"Dstat 0.7.2 CSV output"
"Author:","Dag Wieers <dag@wieers.com>",,,,"URL:","http://dag.wieers.com/home-made/dstat/"
"Host:","bionet",,,,"User:","aeahmed"
"Cmdline:","dstat -t -c --disk-util --top-cpu --top-io --top-mem -s --output system_logs.log 3 15",,,,"Date:","03 Jan 2017 14:44:26 EAT"

"system","total cpu usage",,,,,,"sda","sdb","most expensive","most expensive","most expensive","swap",
"time","usr","sys","idl","wai","hiq","siq","util","util","cpu process","i/o process","memory process","used","free"
03-01 14:44:26,0.064,0.044,99.874,0.017,0.0,0.001,0.357,0.000,wget / 0%,bash / 21:10,mysqld / 463847424%,94392320.0,1.373054976e+11
03-01 14:44:29,0.111,0.042,99.847,0.0,0.0,0.0,0.0,0.0,kworker/4:2 / 0%,bash / 21:10,mysqld / 463847424%,94392320.0,1.373054976e+11
03-01 14:44:32,0.097,0.028,99.875,0.0,0.0,0.0,0.0,0.0,top / 0%,bash / 21:10,mysqld / 463847424%,94392320.0,1.373054976e+11
03-01 14:44:35,0.658,0.350,98.977,0.0,0.0,0.014,0.0,0.0,sshd: ryahmed@notty / 0%,bash / 21:10,mysqld / 463847424%,94392320.0,1.373054976e+11
03-01 14:44:38,0.181,0.084,99.735,0.0,0.0,0.0,0.0,0.0,top / 0%,bash / 21:10,mysqld / 463847424%,94392320.0,1.373054976e+11
03-01 14:44:41,0.083,0.042,99.875,0.0,0.0,0.0,0.0,0.0,kworker/u130:2 / 0%,bash / 21:10,mysqld / 463847424%,94392320.0,1.373054976e+11
03-01 14:44:44,0.111,0.042,99.847,0.0,0.0,0.0,0.0,0.0,top / 0%,bash / 21:10,mysqld / 463847424%,94392320.0,1.373054976e+11
03-01 14:44:47,0.083,0.083,99.833,0.0,0.0,0.0,0.0,0.0,top / 0%,bash / 21:10,mysqld / 463847424%,94392320.0,1.373054976e+11
03-01 14:44:50,0.097,0.056,99.847,0.0,0.0,0.0,0.0,0.0,Passenger core / 0%,bash / 21:10,mysqld / 463847424%,94392320.0,1.373054976e+11
03-01 14:44:53,0.097,0.028,99.875,0.0,0.0,0.0,0.0,0.0,kworker/4:2 / 0%,bash / 21:10,mysqld / 463847424%,94392320.0,1.373054976e+11
03-01 14:44:56,0.097,0.056,99.847,0.0,0.0,0.0,0.0,0.0,top / 0%,bash / 21:10,mysqld / 463847424%,94392320.0,1.373054976e+11
03-01 14:44:59,0.153,0.056,99.791,0.0,0.0,0.0,0.0,0.0,dockerd / 0%,bash / 21:10,mysqld / 463847424%,94392320.0,1.373054976e+11
03-01 14:45:02,0.392,0.322,99.272,0.0,0.0,0.014,0.0,0.0,credentials.csv / 0%,bash / 21:10,mysqld / 463847424%,94392320.0,1.373054976e+11
03-01 14:45:05,0.167,0.083,99.750,0.0,0.0,0.0,0.0,0.0,top / 0%,bash / 21:10,mysqld / 463847424%,94392320.0,1.373054976e+11
03-01 14:45:08,0.111,0.056,99.833,0.0,0.0,0.0,0.0,0.0,top / 0%,bash / 21:10,mysqld / 463847424%,94392320.0,1.373054976e+11
03-01 14:45:11,0.097,0.042,99.861,0.0,0.0,0.0,0.0,0.0,rcu_sched / 0%,bash / 21:10,mysqld / 463847424%,94392320.0,1.373054976e+11


"Host:","bionet",,,,"User:","aeahmed"
"Cmdline:","dstat -t -c --disk-util --top-cpu --top-io --top-mem -s --output system_logs.log 3 15",,,,"Date:","03 Jan 2017 14:45:34 EAT"

"system","total cpu usage",,,,,,"sda","sdb","most expensive","most expensive","most expensive","swap",
"time","usr","sys","idl","wai","hiq","siq","util","util","cpu process","i/o process","memory process","used","free"
03-01 14:45:34,0.064,0.044,99.874,0.017,0.0,0.001,0.357,0.000,wget / 0%,bash / 25:10,mysqld / 463847424%,94392320.0,1.373054976e+11
03-01 14:45:37,0.056,0.028,99.917,0.0,0.0,0.0,0.0,0.0,top / 0%,bash / 1:1,mysqld / 463847424%,94392320.0,1.373054976e+11
03-01 14:45:40,0.139,0.042,99.819,0.0,0.0,0.0,0.0,0.0,vi / 0%,vi / 60498:3377,mysqld / 463847424%,94392320.0,1.373054976e+11
03-01 14:45:43,0.028,0.028,99.944,0.0,0.0,0.0,0.0,0.0,top / 0%,vi / 0:18,mysqld / 463847424%,94392320.0,1.373054976e+11
03-01 14:45:46,0.111,0.028,99.861,0.0,0.0,0.0,0.0,0.0,vi / 0%,bash / 65971:8882,mysqld / 463847424%,94392320.0,1.373054976e+11
03-01 14:45:49,0.042,0.028,99.931,0.0,0.0,0.0,0.0,0.0,kworker/4:2 / 0%,bash / 65971:8882,mysqld / 463847424%,94392320.0,1.373054976e+11
03-01 14:45:52,0.028,0.042,99.931,0.0,0.0,0.0,0.0,0.0,top / 0%,vi / 0:2749,mysqld / 463847424%,94392320.0,1.373054976e+11
03-01 14:45:55,0.083,0.042,99.875,0.0,0.0,0.0,0.0,0.0,vi / 0%,bash / 63267:11569,mysqld / 463847424%,94392320.0,1.373054976e+11
03-01 14:45:58,0.028,0.042,99.930,0.0,0.0,0.0,0.0,0.0,top / 0%,bash / 63357:8789,mysqld / 463847424%,94392320.0,1.373054976e+11
03-01 14:46:01,0.098,0.139,99.763,0.0,0.0,0.0,0.0,0.0,monitorix.pid
 / 0%,vi / 58006:3289,mysqld / 463847424%,94392320.0,1.373054976e+11
03-01 14:46:04,0.042,0.042,99.917,0.0,0.0,0.0,0.0,0.0,top / 0%,bash / 63436:8760,mysqld / 463847424%,94392320.0,1.373054976e+11
03-01 14:46:07,0.042,0.056,99.903,0.0,0.0,0.0,0.0,0.0,top / 0%,bash / 0:0,mysqld / 463847424%,94392320.0,1.373054976e+11
03-01 14:46:10,0.097,0.083,99.819,0.0,0.0,0.0,0.0,0.0,vi / 0%,vi / 67065:3238,mysqld / 463847424%,94392320.0,1.373054976e+11
03-01 14:46:13,0.042,0.028,99.931,0.0,0.0,0.0,0.0,0.0,kworker/10:1 / 0%,vi / 3:37,mysqld / 463847424%,94392320.0,1.373054976e+11
03-01 14:46:16,0.056,0.014,99.931,0.0,0.0,0.0,0.0,0.0,top / 0%,vi / 2:1428,mysqld / 463847424%,94392320.0,1.373054976e+11
03-01 14:46:19,0.056,0.028,99.903,0.0,0.0,0.014,0.0,0.0,kworker/4:2 / 0%,vi / 1:46,mysqld / 463847424%,94392320.0,1.373054976e+11


"Host:","bionet",,,,"User:","aeahmed"
"Cmdline:","dstat -t -c --disk-util --top-cpu --top-io --top-mem -s --output system_logs.log 3 15",,,,"Date:","03 Jan 2017 14:46:25 EAT"

"system","total cpu usage",,,,,,"sda","sdb","most expensive","most expensive","most expensive","swap",
"time","usr","sys","idl","wai","hiq","siq","util","util","cpu process","i/o process","memory process","used","free"
03-01 14:46:25,0.064,0.044,99.874,0.017,0.0,0.001,0.357,0.000,wget / 0%,bash / 28:10,mysqld / 463847424%,94392320.0,1.373054976e+11
03-01 14:46:28,0.042,0.056,99.903,0.0,0.0,0.0,0.0,0.0,top / 0%,bash / 1:1,mysqld / 463847424%,94392320.0,1.373054976e+11
03-01 14:46:31,0.097,0.070,99.833,0.0,0.0,0.0,0.0,0.0,vi / 0%,vi / 57748:3328,mysqld / 463847424%,94392320.0,1.373054976e+11
03-01 14:46:34,0.083,0.028,99.889,0.0,0.0,0.0,0.0,0.0,vi / 0%,bash / 63199:8839,mysqld / 463847424%,94392320.0,1.373054976e+11
03-01 14:46:37,0.028,0.042,99.931,0.0,0.0,0.0,0.0,0.0,irqbalance / 0%,bash / 63199:8839,mysqld / 463847424%,94392320.0,1.373054976e+11
03-01 14:46:40,0.028,0.056,99.917,0.0,0.0,0.0,0.0,0.0,top / 0%,vi / 2:2800,mysqld / 463847424%,94392320.0,1.373054976e+11
03-01 14:46:43,0.097,0.028,99.875,0.0,0.0,0.0,0.133,0.0,vi / 0%,bash / 63208:11617,mysqld / 463847424%,94392320.0,1.373054976e+11
03-01 14:46:46,0.042,0.028,99.931,0.0,0.0,0.0,0.0,0.0,top / 0%,bash / 63342:8750,mysqld / 463847424%,94392320.0,1.373054976e+11
03-01 14:46:49,0.139,0.028,99.833,0.0,0.0,0.0,0.0,0.0,vi / 0%,vi / 57962:3256,mysqld / 463847424%,94392320.0,1.373054976e+11
03-01 14:46:52,0.028,0.028,99.944,0.0,0.0,0.0,0.0,0.0,top / 0%,bash / 63387:8721,mysqld / 463847424%,94392320.0,1.373054976e+11
03-01 14:46:55,0.042,0.028,99.931,0.0,0.0,0.0,0.0,0.0,fail2ban-server / 0%,bash / 63387:8721,mysqld / 463847424%,94392320.0,1.373054976e+11
03-01 14:46:58,0.056,0.028,99.917,0.0,0.0,0.0,0.0,0.0,top / 0%,bash / 63387:8721,mysqld / 463847424%,94392320.0,1.373054976e+11
03-01 14:47:01,0.167,0.167,99.665,0.0,0.0,0.0,0.0,0.0,dockerd / 0%,vi / 58120:3172,mysqld / 463847424%,94392320.0,1.373054976e+11
03-01 14:47:04,0.028,0.056,99.917,0.0,0.0,0.0,0.0,0.0,top / 0%,vi / 0:18,mysqld / 463847424%,94392320.0,1.373054976e+11
03-01 14:47:07,0.028,0.028,99.944,0.0,0.0,0.0,0.0,0.0,top / 0%,bash / 63547:8657,mysqld / 463847424%,94392320.0,1.373054976e+11
03-01 14:47:10,0.083,0.028,99.889,0.0,0.0,0.0,0.0,0.0,top / 0%,bash / 63665:8612,mysqld / 463847424%,94392320.0,1.373054976e+11
